0 info it worked if it ends with ok
1 verbose cli [ 'node',
1 verbose cli   '/usr/local/bin/npm',
1 verbose cli   'install',
1 verbose cli   'bootstrap3-wysihtml5' ]
2 info using npm@1.4.6
3 info using node@v0.10.26
4 warn package.json PuckApp@0.0.1 No repository field.
5 warn package.json assert-plus@0.1.2 No repository field.
6 warn package.json posix-getopt@1.0.0 No repository field.
7 warn package.json sleep@1.1.3 'repositories' (plural) Not supported. Please pick one as the 'repository' field
8 verbose readDependencies using package.json deps
9 verbose cache add [ 'bootstrap3-wysihtml5', null ]
10 verbose cache add name=undefined spec="bootstrap3-wysihtml5" args=["bootstrap3-wysihtml5",null]
11 verbose parsed url { protocol: null,
11 verbose parsed url   slashes: null,
11 verbose parsed url   auth: null,
11 verbose parsed url   host: null,
11 verbose parsed url   port: null,
11 verbose parsed url   hostname: null,
11 verbose parsed url   hash: null,
11 verbose parsed url   search: null,
11 verbose parsed url   query: null,
11 verbose parsed url   pathname: 'bootstrap3-wysihtml5',
11 verbose parsed url   path: 'bootstrap3-wysihtml5',
11 verbose parsed url   href: 'bootstrap3-wysihtml5' }
12 silly lockFile efabacfb-bootstrap3-wysihtml5 bootstrap3-wysihtml5
13 verbose lock bootstrap3-wysihtml5 /home/zen/.npm/efabacfb-bootstrap3-wysihtml5.lock
14 silly lockFile efabacfb-bootstrap3-wysihtml5 bootstrap3-wysihtml5
15 silly lockFile efabacfb-bootstrap3-wysihtml5 bootstrap3-wysihtml5
16 verbose addNamed [ 'bootstrap3-wysihtml5', '' ]
17 verbose addNamed [ null, '*' ]
18 silly lockFile 40d996f4-bootstrap3-wysihtml5 bootstrap3-wysihtml5@
19 verbose lock bootstrap3-wysihtml5@ /home/zen/.npm/40d996f4-bootstrap3-wysihtml5.lock
20 silly addNameRange { name: 'bootstrap3-wysihtml5', range: '*', hasData: false }
21 verbose url raw bootstrap3-wysihtml5
22 verbose url resolving [ 'https://registry.npmjs.org/', './bootstrap3-wysihtml5' ]
23 verbose url resolved https://registry.npmjs.org/bootstrap3-wysihtml5
24 info trying registry request attempt 1 at 09:52:27
25 http GET https://registry.npmjs.org/bootstrap3-wysihtml5
26 http 404 https://registry.npmjs.org/bootstrap3-wysihtml5
27 silly registry.get cb [ 404,
27 silly registry.get   { date: 'Tue, 01 Apr 2014 16:52:27 GMT',
27 silly registry.get     server: 'CouchDB/1.5.0 (Erlang OTP/R14B04)',
27 silly registry.get     'content-type': 'application/json',
27 silly registry.get     via: '1.1 varnish',
27 silly registry.get     'cache-control': 'max-age=0',
27 silly registry.get     'content-length': '52',
27 silly registry.get     'accept-ranges': 'bytes',
27 silly registry.get     age: '0',
27 silly registry.get     'x-served-by': 'cache-v36-ASH, cache-lax1433-LAX',
27 silly registry.get     'x-cache': 'MISS, MISS',
27 silly registry.get     'x-cache-hits': '0, 0',
27 silly registry.get     'x-timer': 'S1396371147.762398720,VS0,VS34,VE57,VE87',
27 silly registry.get     'keep-alive': 'timeout=10, max=50',
27 silly registry.get     connection: 'Keep-Alive' } ]
28 silly lockFile 40d996f4-bootstrap3-wysihtml5 bootstrap3-wysihtml5@
29 silly lockFile 40d996f4-bootstrap3-wysihtml5 bootstrap3-wysihtml5@
30 error 404 'bootstrap3-wysihtml5' is not in the npm registry.
30 error 404 You should bug the author to publish it
30 error 404 It was specified as a dependency of 'PuckApp'
30 error 404
30 error 404 Note that you can also install from a
30 error 404 tarball, folder, or http url, or git url.
31 error System Linux 2.6.28-19-server
32 error command "node" "/usr/local/bin/npm" "install" "bootstrap3-wysihtml5"
33 error cwd /home/zen/src/me/puck/PUCK
34 error node -v v0.10.26
35 error npm -v 1.4.6
36 error code E404
37 verbose exit [ 1, true ]
