* About to connect() to localhost port 8080 (#0)
*   Trying ::1... Unknown error 111
*   Trying 127.0.0.1... connected
* Connected to localhost (127.0.0.1) port 8080 (#0)
* successfully set certificate verify locations:
*   CAfile: none
  CApath: /etc/ssl/certs
* SSLv3, TLS handshake, Client hello (1):
} [data not shown]
* SSLv3, TLS handshake, Server hello (2):
{ [data not shown]
* SSLv3, TLS handshake, CERT (11):
{ [data not shown]
* SSLv3, TLS handshake, Request CERT (13):
{ [data not shown]
* SSLv3, TLS handshake, Server finished (14):
{ [data not shown]
* SSLv3, TLS handshake, CERT (11):
} [data not shown]
* SSLv3, TLS handshake, Client key exchange (16):
} [data not shown]
* SSLv3, TLS change cipher, Client hello (1):
} [data not shown]
* SSLv3, TLS handshake, Finished (20):
} [data not shown]
* SSLv3, TLS handshake, Unknown (4):
{ [data not shown]
* SSLv3, TLS change cipher, Client hello (1):
{ [data not shown]
* SSLv3, TLS handshake, Finished (20):
{ [data not shown]
* SSL connection using RC4-SHA
* Server certificate:
* 	 subject: /C=AQ/ST=White/L=D3cktown/O=D3ckasaurusRex/CN=*
* 	 start date: 2014-07-17 19:15:07 GMT
* 	 expire date: 2015-07-17 19:15:07 GMT
* 	 common name: * (matched)
* 	 issuer: /C=AQ/ST=White/L=D3cktown/O=D3ckasaurusRex/CN=*
* SSL certificate verify result: self signed certificate in certificate chain (19), continuing anyway.
> DELETE /d3ck/CD53CF2517B76CFD18089ED471DE591D19D889F5 HTTP/1.1
> User-Agent: curl/7.18.2 (i486-pc-linux-gnu) libcurl/7.18.2 OpenSSL/0.9.8g zlib/1.2.3.3 libidn/1.10
> Host: localhost:8080
> Accept: application/json
> Content-type: application/json
> 
< HTTP/1.1 204 No Content
< X-Powered-By: Express
< Access-Control-Allow-Origin: *
< Vary: Accept-Encoding
< X-Response-Time: 3.930ms
< Set-Cookie: connect.sid=s%3Adsotzlq6%2BdjyxZyQ%2FWt8Yzff.qb4jd4NXDsqetT2WVYdisdA7eD41PJTITpSgtgH6dTA; Path=/; HttpOnly
< Set-Cookie: connect.sid=s%3Adsotzlq6%2BdjyxZyQ%2FWt8Yzff.qb4jd4NXDsqetT2WVYdisdA7eD41PJTITpSgtgH6dTA; Path=/; HttpOnly
< Date: Thu, 17 Jul 2014 19:43:00 GMT
< Connection: keep-alive
< 
  % Total    % Received % Xferd  Average Speed   Time    Time     Time  Current
                                 Dload  Upload   Total   Spent    Left  Speed
  0     0    0     0    0     0      0      0 --:--:-- --:--:-- --:--:--     0  0     0    0     0    0     0      0      0 --:--:-- --:--:-- --:--:--     0* Connection #0 to host localhost left intact

* Closing connection #0
* SSLv3, TLS alert, Client hello (1):
} [data not shown]
* About to connect() to localhost port 8080 (#0)
*   Trying ::1... Unknown error 111
*   Trying 127.0.0.1... connected
* Connected to localhost (127.0.0.1) port 8080 (#0)
* successfully set certificate verify locations:
*   CAfile: none
  CApath: /etc/ssl/certs
* SSLv3, TLS handshake, Client hello (1):
} [data not shown]
* SSLv3, TLS handshake, Server hello (2):
{ [data not shown]
* SSLv3, TLS handshake, CERT (11):
{ [data not shown]
* SSLv3, TLS handshake, Request CERT (13):
{ [data not shown]
* SSLv3, TLS handshake, Server finished (14):
{ [data not shown]
* SSLv3, TLS handshake, CERT (11):
} [data not shown]
* SSLv3, TLS handshake, Client key exchange (16):
} [data not shown]
* SSLv3, TLS change cipher, Client hello (1):
} [data not shown]
* SSLv3, TLS handshake, Finished (20):
} [data not shown]
* SSLv3, TLS handshake, Unknown (4):
{ [data not shown]
* SSLv3, TLS change cipher, Client hello (1):
{ [data not shown]
* SSLv3, TLS handshake, Finished (20):
{ [data not shown]
* SSL connection using RC4-SHA
* Server certificate:
* 	 subject: /C=AQ/ST=White/L=D3cktown/O=D3ckasaurusRex/CN=*
* 	 start date: 2014-07-17 19:15:07 GMT
* 	 expire date: 2015-07-17 19:15:07 GMT
* 	 common name: * (matched)
* 	 issuer: /C=AQ/ST=White/L=D3cktown/O=D3ckasaurusRex/CN=*
* SSL certificate verify result: self signed certificate in certificate chain (19), continuing anyway.
> DELETE /d3ck/F21429288BAF380CA8E3B4E603D0B61424F4D039 HTTP/1.1
> User-Agent: curl/7.18.2 (i486-pc-linux-gnu) libcurl/7.18.2 OpenSSL/0.9.8g zlib/1.2.3.3 libidn/1.10
> Host: localhost:8080
> Accept: application/json
> Content-type: application/json
> 
< HTTP/1.1 204 No Content
< X-Powered-By: Express
< Access-Control-Allow-Origin: *
< Vary: Accept-Encoding
< X-Response-Time: 1.598ms
< Set-Cookie: connect.sid=s%3A8V%2FRi54IJbfGNC1%2BYVTUdJXV.8d8xlaX7kwy%2BMzksJMw5gFLkPU0ZL6B5hAq%2BFpCGJyo; Path=/; HttpOnly
< Set-Cookie: connect.sid=s%3A8V%2FRi54IJbfGNC1%2BYVTUdJXV.8d8xlaX7kwy%2BMzksJMw5gFLkPU0ZL6B5hAq%2BFpCGJyo; Path=/; HttpOnly
< Date: Thu, 17 Jul 2014 19:43:03 GMT
< Connection: keep-alive
< 
  % Total    % Received % Xferd  Average Speed   Time    Time     Time  Current
                                 Dload  Upload   Total   Spent    Left  Speed
  0     0    0     0    0     0      0      0 --:--:-- --:--:-- --:--:--     0  0     0    0     0    0     0      0      0 --:--:-- --:--:-- --:--:--     0* Connection #0 to host localhost left intact

* Closing connection #0
* SSLv3, TLS alert, Client hello (1):
} [data not shown]
